<?xml version="1.0" encoding="UTF-8"?>
<testng-results ignored="0" total="2" passed="2" failed="0" skipped="0">
  <reporter-output>
  </reporter-output>
  <suite started-at="2026-03-24T22:52:58 IST" name="SauceDemo Suite" finished-at="2026-03-24T22:53:02 IST" duration-ms="3563">
    <groups>
    </groups>
    <test started-at="2026-03-24T22:52:58 IST" name="Login Test" finished-at="2026-03-24T22:53:02 IST" duration-ms="3563">
      <class name="com.automation.test.LoginTest">
        <test-method is-config="true" signature="launchBrowser()[pri:0, instance:com.automation.test.LoginTest@20f5239f]" started-at="2026-03-24T22:52:55 IST" name="launchBrowser" finished-at="2026-03-24T22:52:58 IST" duration-ms="3497" status="PASS">
          <reporter-output>
          </reporter-output>
        </test-method> <!-- launchBrowser -->
        <test-method signature="loginTest(java.lang.String,java.lang.String)[pri:0, instance:com.automation.test.LoginTest@20f5239f]" started-at="2026-03-24T22:52:59 IST" name="loginTest" data-provider="dp" finished-at="2026-03-24T22:53:01 IST" duration-ms="1963" status="PASS">
          <params>
            <param index="0">
              <value>
                <![CDATA[standard_user]]>
              </value>
            </param>
            <param index="1">
              <value>
                <![CDATA[secret_sauce]]>
              </value>
            </param>
          </params>
          <reporter-output>
          </reporter-output>
        </test-method> <!-- loginTest -->
        <test-method signature="loginTest(java.lang.String,java.lang.String)[pri:0, instance:com.automation.test.LoginTest@20f5239f]" started-at="2026-03-24T22:53:01 IST" name="loginTest" data-provider="dp" finished-at="2026-03-24T22:53:02 IST" duration-ms="541" status="PASS">
          <params>
            <param index="0">
              <value>
                <![CDATA[locked_out_user]]>
              </value>
            </param>
            <param index="1">
              <value>
                <![CDATA[secret_sauce]]>
              </value>
            </param>
          </params>
          <reporter-output>
          </reporter-output>
        </test-method> <!-- loginTest -->
        <test-method is-config="true" signature="closeBrowser()[pri:0, instance:com.automation.test.LoginTest@20f5239f]" started-at="2026-03-24T22:53:02 IST" name="closeBrowser" finished-at="2026-03-24T22:53:02 IST" duration-ms="797" status="PASS">
          <reporter-output>
          </reporter-output>
        </test-method> <!-- closeBrowser -->
      </class> <!-- com.automation.test.LoginTest -->
    </test> <!-- Login Test -->
  </suite> <!-- SauceDemo Suite -->
</testng-results>
