<?xml version="1.0" encoding="UTF-8"?>
<testng-results ignored="0" total="1" passed="1" failed="0" skipped="0">
  <reporter-output>
  </reporter-output>
  <suite started-at="2026-03-23T23:55:09 IST" name="SauceDemo Suite" finished-at="2026-03-23T23:55:16 IST" duration-ms="6296">
    <groups>
    </groups>
    <test started-at="2026-03-23T23:55:09 IST" name="Login Test" finished-at="2026-03-23T23:55:16 IST" duration-ms="6296">
      <class name="com.automation.test.LoginTest">
        <test-method is-config="true" signature="launchBrowser()[pri:0, instance:com.automation.test.LoginTest@79da8dc5]" started-at="2026-03-23T23:55:09 IST" name="launchBrowser" finished-at="2026-03-23T23:55:13 IST" duration-ms="4028" status="PASS">
          <reporter-output>
          </reporter-output>
        </test-method> <!-- launchBrowser -->
        <test-method signature="loginTest()[pri:0, instance:com.automation.test.LoginTest@79da8dc5]" started-at="2026-03-23T23:55:13 IST" name="loginTest" finished-at="2026-03-23T23:55:15 IST" duration-ms="1490" status="PASS">
          <reporter-output>
          </reporter-output>
        </test-method> <!-- loginTest -->
        <test-method is-config="true" signature="closeBrowser()[pri:0, instance:com.automation.test.LoginTest@79da8dc5]" started-at="2026-03-23T23:55:15 IST" name="closeBrowser" finished-at="2026-03-23T23:55:16 IST" duration-ms="463" status="PASS">
          <reporter-output>
          </reporter-output>
        </test-method> <!-- closeBrowser -->
      </class> <!-- com.automation.test.LoginTest -->
    </test> <!-- Login Test -->
  </suite> <!-- SauceDemo Suite -->
</testng-results>
