<?xml version="1.0" encoding="UTF-8"?>
<testng-results ignored="0" total="2" passed="2" failed="0" skipped="0">
  <reporter-output>
  </reporter-output>
  <suite started-at="2026-03-24T22:45:26 IST" name="Default suite" finished-at="2026-03-24T22:45:28 IST" duration-ms="2313">
    <groups>
    </groups>
    <test started-at="2026-03-24T22:45:26 IST" name="Default test" finished-at="2026-03-24T22:45:28 IST" duration-ms="2313">
      <class name="com.automation.test.LoginTest">
        <test-method is-config="true" signature="launchBrowser()[pri:0, instance:com.automation.test.LoginTest@54a7079e]" started-at="2026-03-24T22:45:23 IST" name="launchBrowser" finished-at="2026-03-24T22:45:26 IST" duration-ms="2786" status="PASS">
          <reporter-output>
          </reporter-output>
        </test-method> <!-- launchBrowser -->
        <test-method signature="loginTest(java.lang.String,java.lang.String)[pri:0, instance:com.automation.test.LoginTest@54a7079e]" started-at="2026-03-24T22:45:26 IST" name="loginTest" data-provider="dp" finished-at="2026-03-24T22:45:28 IST" duration-ms="1450" status="PASS">
          <params>
            <param index="0">
              <value>
                <![CDATA[standard_user]]>
              </value>
            </param>
            <param index="1">
              <value>
                <![CDATA[secret_sauce]]>
              </value>
            </param>
          </params>
          <reporter-output>
          </reporter-output>
        </test-method> <!-- loginTest -->
        <test-method signature="loginTest(java.lang.String,java.lang.String)[pri:0, instance:com.automation.test.LoginTest@54a7079e]" started-at="2026-03-24T22:45:28 IST" name="loginTest" data-provider="dp" finished-at="2026-03-24T22:45:28 IST" duration-ms="333" status="PASS">
          <params>
            <param index="0">
              <value>
                <![CDATA[locked_out_user]]>
              </value>
            </param>
            <param index="1">
              <value>
                <![CDATA[secret_sauce]]>
              </value>
            </param>
          </params>
          <reporter-output>
          </reporter-output>
        </test-method> <!-- loginTest -->
        <test-method is-config="true" signature="closeBrowser()[pri:0, instance:com.automation.test.LoginTest@54a7079e]" started-at="2026-03-24T22:45:28 IST" name="closeBrowser" finished-at="2026-03-24T22:45:29 IST" duration-ms="400" status="PASS">
          <reporter-output>
          </reporter-output>
        </test-method> <!-- closeBrowser -->
      </class> <!-- com.automation.test.LoginTest -->
    </test> <!-- Default test -->
  </suite> <!-- Default suite -->
</testng-results>
